  [1m[36m (117.1ms)[0m  [1mCREATE TABLE "schema_migrations" ("version" varchar(255) NOT NULL) [0m
  [1m[35m (121.1ms)[0m  CREATE UNIQUE INDEX "unique_schema_migrations" ON "schema_migrations" ("version")
  [1m[36mActiveRecord::SchemaMigration Load (0.0ms)[0m  [1mSELECT "schema_migrations".* FROM "schema_migrations"[0m
Migrating to CreateMovies (20121121163535)
  [1m[35m (0.0ms)[0m  begin transaction
  [1m[36m (2.0ms)[0m  [1mCREATE TABLE "movies" ("id" INTEGER PRIMARY KEY AUTOINCREMENT NOT NULL, "title" varchar(255), "rating" varchar(255), "total_gross" decimal, "created_at" datetime, "updated_at" datetime) [0m
  [1m[35mSQL (0.0ms)[0m  INSERT INTO "schema_migrations" ("version") VALUES (?)  [["version", "20121121163535"]]
  [1m[36m (56.0ms)[0m  [1mcommit transaction[0m
Migrating to AddFieldsToMovies (20121121180707)
  [1m[35m (0.0ms)[0m  begin transaction
  [1m[36m (1.0ms)[0m  [1mALTER TABLE "movies" ADD "description" text[0m
  [1m[35m (1.0ms)[0m  ALTER TABLE "movies" ADD "released_on" date
  [1m[36mSQL (1.0ms)[0m  [1mINSERT INTO "schema_migrations" ("version") VALUES (?)[0m  [["version", "20121121180707"]]
  [1m[35m (60.0ms)[0m  commit transaction
Migrating to AddMoreFieldsToMovies (20121210234158)
  [1m[36m (0.0ms)[0m  [1mbegin transaction[0m
  [1m[35m (1.0ms)[0m  ALTER TABLE "movies" ADD "cast" varchar(255)
  [1m[36m (0.0ms)[0m  [1mALTER TABLE "movies" ADD "director" varchar(255)[0m
  [1m[35m (1.0ms)[0m  ALTER TABLE "movies" ADD "duration" varchar(255)
  [1m[36m (0.0ms)[0m  [1mALTER TABLE "movies" ADD "image_file_name" varchar(255)[0m
  [1m[35mSQL (0.0ms)[0m  INSERT INTO "schema_migrations" ("version") VALUES (?)  [["version", "20121210234158"]]
  [1m[36m (65.1ms)[0m  [1mcommit transaction[0m
  [1m[35mActiveRecord::SchemaMigration Load (1.0ms)[0m  SELECT "schema_migrations".* FROM "schema_migrations"
  [1m[36mActiveRecord::SchemaMigration Load (0.0ms)[0m  [1mSELECT "schema_migrations".* FROM "schema_migrations"[0m
  [1m[35m (0.0ms)[0m  begin transaction
  [1m[36mSQL (14.0ms)[0m  [1mINSERT INTO "movies" ("cast", "created_at", "description", "director", "duration", "image_file_name", "rating", "released_on", "title", "total_gross", "updated_at") VALUES (?, ?, ?, ?, ?, ?, ?, ?, ?, ?, ?)[0m  [["cast", "Robert Downey Jr., Gwyneth Paltrow and Terrence Howard"], ["created_at", Wed, 28 May 2014 01:16:20 UTC +00:00], ["description", "When wealthy industrialist Tony Stark is forced to build an armored suit after a life-threatening incident, he ultimately decides to use its technology to fight against evil."], ["director", "Jon Favreau"], ["duration", "126 min"], ["image_file_name", "ironman.jpg"], ["rating", "PG-13"], ["released_on", Fri, 02 May 2008], ["title", "Iron Man"], ["total_gross", #<BigDecimal:489d6c8,'0.318412101E9',9(36)>], ["updated_at", Wed, 28 May 2014 01:16:20 UTC +00:00]]
  [1m[35m (74.1ms)[0m  commit transaction
  [1m[36m (0.0ms)[0m  [1mbegin transaction[0m
  [1m[35mSQL (2.0ms)[0m  INSERT INTO "movies" ("cast", "created_at", "description", "director", "duration", "image_file_name", "rating", "released_on", "title", "total_gross", "updated_at") VALUES (?, ?, ?, ?, ?, ?, ?, ?, ?, ?, ?)  [["cast", "Christopher Reeve, Margot Kidder and Gene Hackman"], ["created_at", Wed, 28 May 2014 01:16:20 UTC +00:00], ["description", "An alien orphan is sent from his dying planet to Earth, where he grows up to become his adoptive home's first and greatest super-hero."], ["director", "Richard Donner"], ["duration", "143 min"], ["image_file_name", "superman.jpg"], ["rating", "PG"], ["released_on", Fri, 15 Dec 1978], ["title", "Superman"], ["total_gross", #<BigDecimal:25a1b88,'0.134218018E9',9(36)>], ["updated_at", Wed, 28 May 2014 01:16:20 UTC +00:00]]
  [1m[36m (60.0ms)[0m  [1mcommit transaction[0m
  [1m[35m (0.0ms)[0m  begin transaction
  [1m[36mSQL (2.0ms)[0m  [1mINSERT INTO "movies" ("cast", "created_at", "description", "director", "duration", "image_file_name", "rating", "released_on", "title", "total_gross", "updated_at") VALUES (?, ?, ?, ?, ?, ?, ?, ?, ?, ?, ?)[0m  [["cast", "Tobey Maguire, Kirsten Dunst and Willem Dafoe"], ["created_at", Wed, 28 May 2014 01:16:21 UTC +00:00], ["description", "When bitten by a genetically modified spider, a nerdy, shy, and awkward high school student gains spider-like abilities that he eventually must use to fight evil as a superhero after tragedy befalls his family."], ["director", "Sam Raimi"], ["duration", "121 min"], ["image_file_name", "spiderman.jpg"], ["rating", "PG-13"], ["released_on", Fri, 03 May 2002], ["title", "Spider-Man"], ["total_gross", #<BigDecimal:361adc0,'0.403706375E9',9(36)>], ["updated_at", Wed, 28 May 2014 01:16:21 UTC +00:00]]
  [1m[35m (61.0ms)[0m  commit transaction
  [1m[36m (0.0ms)[0m  [1mbegin transaction[0m
  [1m[35mSQL (2.0ms)[0m  INSERT INTO "movies" ("cast", "created_at", "description", "director", "duration", "image_file_name", "rating", "released_on", "title", "total_gross", "updated_at") VALUES (?, ?, ?, ?, ?, ?, ?, ?, ?, ?, ?)  [["cast", "Michael Keaton, Jack Nicholson and Kim Basinger"], ["created_at", Wed, 28 May 2014 01:16:21 UTC +00:00], ["description", "The Dark Knight of Gotham City begins his war on crime with his first major enemy being the clownishly homicidal Joker."], ["director", "Tim Burton"], ["duration", "126 min"], ["image_file_name", "batman.jpg"], ["rating", "PG-13"], ["released_on", Fri, 23 Jun 1989], ["title", "Batman"], ["total_gross", #<BigDecimal:3495f48,'0.251188924E9',9(36)>], ["updated_at", Wed, 28 May 2014 01:16:21 UTC +00:00]]
  [1m[36m (60.1ms)[0m  [1mcommit transaction[0m
  [1m[35m (0.0ms)[0m  begin transaction
  [1m[36mSQL (3.0ms)[0m  [1mINSERT INTO "movies" ("cast", "created_at", "description", "director", "duration", "image_file_name", "rating", "released_on", "title", "total_gross", "updated_at") VALUES (?, ?, ?, ?, ?, ?, ?, ?, ?, ?, ?)[0m  [["cast", "Halle Berry, Sharon Stone and Benjamin Bratt"], ["created_at", Wed, 28 May 2014 01:16:21 UTC +00:00], ["description", "Patience Philips seems destined to spend her life apologizing for taking up space. Despite her artistic ability&mdash;she has a more than respectable career as a graphic designer."], ["director", "Jean-Christophe 'Pitof' Comar"], ["duration", "101 min"], ["image_file_name", "catwoman.jpg"], ["rating", "PG-13"], ["released_on", Fri, 23 Jul 2004], ["title", "Catwoman"], ["total_gross", #<BigDecimal:36cd698,'0.402E8',9(45)>], ["updated_at", Wed, 28 May 2014 01:16:21 UTC +00:00]]
  [1m[35m (61.0ms)[0m  commit transaction
  [1m[36m (0.0ms)[0m  [1mbegin transaction[0m
  [1m[35mSQL (2.0ms)[0m  INSERT INTO "movies" ("cast", "created_at", "description", "director", "duration", "image_file_name", "rating", "released_on", "title", "total_gross", "updated_at") VALUES (?, ?, ?, ?, ?, ?, ?, ?, ?, ?, ?)  [["cast", "Bruce Wayne, Gojira"], ["created_at", Wed, 28 May 2014 01:16:21 UTC +00:00], ["description", "An epic battle between The Caped Crusader and the fire-breathing dinosaur Gojira. Hang on to your popcorn, kids!"], ["director", "Ishiro Honda"], ["duration", "211 min"], ["image_file_name", "batman-vs-godzilla.jpg"], ["rating", "PG-13"], ["released_on", Sat, 07 Jun 2014], ["title", "Batman vs. Godzilla"], ["total_gross", #<BigDecimal:359d810,'0.38762391E9',9(36)>], ["updated_at", Wed, 28 May 2014 01:16:21 UTC +00:00]]
  [1m[36m (61.0ms)[0m  [1mcommit transaction[0m
  [1m[36m (50.0ms)[0m  [1mCREATE TABLE "movies" ("id" INTEGER PRIMARY KEY AUTOINCREMENT NOT NULL, "title" varchar(255), "rating" varchar(255), "total_gross" decimal, "created_at" datetime, "updated_at" datetime, "description" text, "released_on" date, "cast" varchar(255), "director" varchar(255), "duration" varchar(255), "image_file_name" varchar(255)) [0m
  [1m[35m (55.0ms)[0m  CREATE TABLE "schema_migrations" ("version" varchar(255) NOT NULL) 
  [1m[36m (75.1ms)[0m  [1mCREATE UNIQUE INDEX "unique_schema_migrations" ON "schema_migrations" ("version")[0m
  [1m[35m (0.0ms)[0m  SELECT version FROM "schema_migrations"
  [1m[36m (88.1ms)[0m  [1mINSERT INTO "schema_migrations" (version) VALUES ('20121210234158')[0m
  [1m[35m (87.1ms)[0m  INSERT INTO "schema_migrations" (version) VALUES ('20121121163535')
  [1m[36m (88.1ms)[0m  [1mINSERT INTO "schema_migrations" (version) VALUES ('20121121180707')[0m


Started GET "/" for 127.0.0.1 at 2014-05-27 21:17:15 -0400
  [1m[36mActiveRecord::SchemaMigration Load (0.0ms)[0m  [1mSELECT "schema_migrations".* FROM "schema_migrations"[0m
Processing by MoviesController#index as HTML
  [1m[35mMovie Load (0.0ms)[0m  SELECT "movies".* FROM "movies" WHERE (released_on <= '2014-05-28 01:17:15.916849') ORDER BY released_on desc
  Rendered movies/index.html.erb within layouts/application (54.0ms)
  Rendered layouts/_header.html.erb (0.0ms)
  Rendered layouts/_sidebar.html.erb (1.0ms)
  Rendered layouts/_footer.html.erb (0.0ms)
Completed 200 OK in 794ms (Views: 769.5ms | ActiveRecord: 0.0ms)


Started GET "/assets/application.css?body=1" for 127.0.0.1 at 2014-05-27 21:17:16 -0400


Started GET "/assets/normalize.css?body=1" for 127.0.0.1 at 2014-05-27 21:17:16 -0400


Started GET "/assets/layout.css?body=1" for 127.0.0.1 at 2014-05-27 21:17:16 -0400


Started GET "/assets/elements.css?body=1" for 127.0.0.1 at 2014-05-27 21:17:16 -0400


Started GET "/assets/movies.css?body=1" for 127.0.0.1 at 2014-05-27 21:17:16 -0400


Started GET "/assets/forms.css?body=1" for 127.0.0.1 at 2014-05-27 21:17:16 -0400


Started GET "/assets/buttons.css?body=1" for 127.0.0.1 at 2014-05-27 21:17:16 -0400


Started GET "/assets/jquery.js?body=1" for 127.0.0.1 at 2014-05-27 21:17:16 -0400


Started GET "/assets/jquery_ujs.js?body=1" for 127.0.0.1 at 2014-05-27 21:17:16 -0400


Started GET "/assets/turbolinks.js?body=1" for 127.0.0.1 at 2014-05-27 21:17:16 -0400


Started GET "/assets/movies.js?body=1" for 127.0.0.1 at 2014-05-27 21:17:16 -0400


Started GET "/assets/application.js?body=1" for 127.0.0.1 at 2014-05-27 21:17:16 -0400


Started GET "/assets/spiderman.jpg" for 127.0.0.1 at 2014-05-27 21:17:16 -0400


Started GET "/assets/catwoman.jpg" for 127.0.0.1 at 2014-05-27 21:17:16 -0400


Started GET "/assets/superman.jpg" for 127.0.0.1 at 2014-05-27 21:17:16 -0400


Started GET "/assets/batman.jpg" for 127.0.0.1 at 2014-05-27 21:17:16 -0400


Started GET "/assets/ironman.jpg" for 127.0.0.1 at 2014-05-27 21:17:16 -0400


Started GET "/assets/add.png" for 127.0.0.1 at 2014-05-27 21:17:16 -0400


Started GET "/assets/arrow.png" for 127.0.0.1 at 2014-05-27 21:17:16 -0400


Started GET "/assets/background.jpg" for 127.0.0.1 at 2014-05-27 21:17:16 -0400


Started GET "/assets/logo.png" for 127.0.0.1 at 2014-05-27 21:17:16 -0400


Started GET "/movies/1" for 127.0.0.1 at 2014-05-27 21:17:24 -0400
Processing by MoviesController#show as HTML
  Parameters: {"id"=>"1"}
  [1m[36mMovie Load (0.0ms)[0m  [1mSELECT "movies".* FROM "movies" WHERE "movies"."id" = ? LIMIT 1[0m  [["id", "1"]]
  Rendered movies/show.html.erb within layouts/application (1.0ms)
  Rendered layouts/_header.html.erb (1.0ms)
  Rendered layouts/_sidebar.html.erb (1.0ms)
  Rendered layouts/_footer.html.erb (1.0ms)
Completed 200 OK in 17ms (Views: 14.0ms | ActiveRecord: 0.0ms)


Started GET "/" for 127.0.0.1 at 2014-05-27 21:17:28 -0400
Processing by MoviesController#index as HTML
  [1m[35mMovie Load (0.0ms)[0m  SELECT "movies".* FROM "movies" WHERE (released_on <= '2014-05-28 01:17:28.299606') ORDER BY released_on desc
  Rendered movies/index.html.erb within layouts/application (6.0ms)
  Rendered layouts/_header.html.erb (1.0ms)
  Rendered layouts/_sidebar.html.erb (1.0ms)
  Rendered layouts/_footer.html.erb (0.0ms)
Completed 200 OK in 33ms (Views: 20.0ms | ActiveRecord: 0.0ms)


Started GET "/movies" for 127.0.0.1 at 2014-05-27 21:17:30 -0400
Processing by MoviesController#index as HTML
  [1m[36mMovie Load (1.0ms)[0m  [1mSELECT "movies".* FROM "movies" WHERE (released_on <= '2014-05-28 01:17:30.187927') ORDER BY released_on desc[0m
  Rendered movies/index.html.erb within layouts/application (5.0ms)
  Rendered layouts/_header.html.erb (0.0ms)
  Rendered layouts/_sidebar.html.erb (0.0ms)
  Rendered layouts/_footer.html.erb (0.0ms)
Completed 200 OK in 16ms (Views: 14.0ms | ActiveRecord: 1.0ms)


Started GET "/movies/1" for 127.0.0.1 at 2014-05-27 21:17:37 -0400
Processing by MoviesController#show as HTML
  Parameters: {"id"=>"1"}
  [1m[35mMovie Load (0.0ms)[0m  SELECT "movies".* FROM "movies" WHERE "movies"."id" = ? LIMIT 1  [["id", "1"]]
  Rendered movies/show.html.erb within layouts/application (1.0ms)
  Rendered layouts/_header.html.erb (0.0ms)
  Rendered layouts/_sidebar.html.erb (1.0ms)
  Rendered layouts/_footer.html.erb (1.0ms)
Completed 200 OK in 16ms (Views: 14.0ms | ActiveRecord: 0.0ms)


Started GET "/movies" for 127.0.0.1 at 2014-05-27 21:17:39 -0400
Processing by MoviesController#index as HTML
  [1m[36mMovie Load (1.0ms)[0m  [1mSELECT "movies".* FROM "movies" WHERE (released_on <= '2014-05-28 01:17:39.562543') ORDER BY released_on desc[0m
  Rendered movies/index.html.erb within layouts/application (6.0ms)
  Rendered layouts/_header.html.erb (1.0ms)
  Rendered layouts/_sidebar.html.erb (0.0ms)
  Rendered layouts/_footer.html.erb (0.0ms)
Completed 200 OK in 19ms (Views: 17.0ms | ActiveRecord: 1.0ms)
  [1m[36m (0.0ms)[0m  [1mbegin transaction[0m
  [1m[35m (0.0ms)[0m  rollback transaction
  [1m[36mMovie Load (5.0ms)[0m  [1mSELECT "movies".* FROM "movies" WHERE "movies"."id" = ? LIMIT 1[0m  [["id", 1]]
  [1m[35m (0.0ms)[0m  begin transaction
  [1m[36m (0.0ms)[0m  [1mcommit transaction[0m
  [1m[36mActiveRecord::SchemaMigration Load (0.0ms)[0m  [1mSELECT "schema_migrations".* FROM "schema_migrations"[0m
Migrating to CreateReviews (20140528232515)
  [1m[35m (0.0ms)[0m  begin transaction
  [1m[36m (1.0ms)[0m  [1mCREATE TABLE "reviews" ("id" INTEGER PRIMARY KEY AUTOINCREMENT NOT NULL, "name" varchar(255), "stars" integer, "comment" text, "movie_id" integer, "created_at" datetime, "updated_at" datetime) [0m
  [1m[35m (0.0ms)[0m  CREATE INDEX "index_reviews_on_movie_id" ON "reviews" ("movie_id")
  [1m[36mSQL (0.0ms)[0m  [1mINSERT INTO "schema_migrations" ("version") VALUES (?)[0m  [["version", "20140528232515"]]
  [1m[35m (128.1ms)[0m  commit transaction
  [1m[36mActiveRecord::SchemaMigration Load (0.0ms)[0m  [1mSELECT "schema_migrations".* FROM "schema_migrations"[0m
  [1m[36m (115.1ms)[0m  [1mCREATE TABLE "movies" ("id" INTEGER PRIMARY KEY AUTOINCREMENT NOT NULL, "title" varchar(255), "rating" varchar(255), "total_gross" decimal, "created_at" datetime, "updated_at" datetime, "description" text, "released_on" date, "cast" varchar(255), "director" varchar(255), "duration" varchar(255), "image_file_name" varchar(255)) [0m
  [1m[35m (63.0ms)[0m  CREATE TABLE "reviews" ("id" INTEGER PRIMARY KEY AUTOINCREMENT NOT NULL, "name" varchar(255), "stars" integer, "comment" text, "movie_id" integer, "created_at" datetime, "updated_at" datetime) 
  [1m[36m (70.1ms)[0m  [1mCREATE INDEX "index_reviews_on_movie_id" ON "reviews" ("movie_id")[0m
  [1m[35m (87.1ms)[0m  CREATE TABLE "schema_migrations" ("version" varchar(255) NOT NULL) 
  [1m[36m (78.1ms)[0m  [1mCREATE UNIQUE INDEX "unique_schema_migrations" ON "schema_migrations" ("version")[0m
  [1m[35m (0.0ms)[0m  SELECT version FROM "schema_migrations"
  [1m[36m (78.1ms)[0m  [1mINSERT INTO "schema_migrations" (version) VALUES ('20140528232515')[0m
  [1m[35m (78.0ms)[0m  INSERT INTO "schema_migrations" (version) VALUES ('20121121163535')
  [1m[36m (71.1ms)[0m  [1mINSERT INTO "schema_migrations" (version) VALUES ('20121121180707')[0m
  [1m[35m (79.0ms)[0m  INSERT INTO "schema_migrations" (version) VALUES ('20121210234158')
  [1m[36mMovie Load (1.0ms)[0m  [1mSELECT "movies".* FROM "movies" ORDER BY "movies"."id" ASC LIMIT 1[0m
  [1m[35mMovie Load (1.0ms)[0m  SELECT "movies".* FROM "movies" ORDER BY "movies"."id" ASC LIMIT 1
  [1m[36mReview Load (4.0ms)[0m  [1mSELECT "reviews".* FROM "reviews" WHERE "reviews"."movie_id" = ?[0m  [["movie_id", 1]]
  [1m[35m (0.0ms)[0m  begin transaction
  [1m[36mSQL (4.0ms)[0m  [1mINSERT INTO "reviews" ("comment", "created_at", "movie_id", "name", "stars", "updated_at") VALUES (?, ?, ?, ?, ?, ?)[0m  [["comment", "It stinks. It stinks. It stinks."], ["created_at", Wed, 28 May 2014 23:42:27 UTC +00:00], ["movie_id", 1], ["name", "The Film Critic"], ["stars", 1], ["updated_at", Wed, 28 May 2014 23:42:27 UTC +00:00]]
  [1m[35m (133.1ms)[0m  commit transaction
  [1m[36mMovie Load (0.0ms)[0m  [1mSELECT "movies".* FROM "movies" WHERE "movies"."id" = ? LIMIT 1[0m  [["id", 1]]
  [1m[35mReview Load (1.0ms)[0m  SELECT "reviews".* FROM "reviews" WHERE "reviews"."movie_id" = ?  [["movie_id", 1]]
  [1m[36m (0.0ms)[0m  [1mbegin transaction[0m
  [1m[35mSQL (1.0ms)[0m  INSERT INTO "reviews" ("comment", "created_at", "movie_id", "name", "stars", "updated_at") VALUES (?, ?, ?, ?, ?, ?)  [["comment", "I'm a better reviewer than he is."], ["created_at", Wed, 28 May 2014 23:45:42 UTC +00:00], ["movie_id", 1], ["name", "Gene Siskel"], ["stars", 5], ["updated_at", Wed, 28 May 2014 23:45:42 UTC +00:00]]
  [1m[36m (108.1ms)[0m  [1mcommit transaction[0m
  [1m[35mMovie Load (0.0ms)[0m  SELECT "movies".* FROM "movies" WHERE "movies"."id" = ? LIMIT 1  [["id", 1]]
  [1m[36m (0.0ms)[0m  [1mSELECT COUNT(*) FROM "reviews" WHERE "reviews"."movie_id" = ?[0m  [["movie_id", 1]]
  [1m[36mMovie Load (0.0ms)[0m  [1mSELECT "movies".* FROM "movies" ORDER BY "movies"."id" ASC LIMIT 1[0m
  [1m[35m (0.0ms)[0m  begin transaction
  [1m[36mSQL (9.0ms)[0m  [1mINSERT INTO "reviews" ("comment", "created_at", "movie_id", "name", "stars", "updated_at") VALUES (?, ?, ?, ?, ?, ?)[0m  [["comment", "It's been years since a movie superhero was this fierce and this funny."], ["created_at", Wed, 28 May 2014 23:50:26 UTC +00:00], ["movie_id", 1], ["name", "Peter Travers"], ["stars", 4], ["updated_at", Wed, 28 May 2014 23:50:26 UTC +00:00]]
  [1m[35m (110.1ms)[0m  commit transaction
  [1m[36m (101.1ms)[0m  [1mCREATE TABLE "movies" ("id" INTEGER PRIMARY KEY AUTOINCREMENT NOT NULL, "title" varchar(255), "rating" varchar(255), "total_gross" decimal, "created_at" datetime, "updated_at" datetime, "description" text, "released_on" date, "cast" varchar(255), "director" varchar(255), "duration" varchar(255), "image_file_name" varchar(255)) [0m
  [1m[35m (53.1ms)[0m  CREATE TABLE "reviews" ("id" INTEGER PRIMARY KEY AUTOINCREMENT NOT NULL, "name" varchar(255), "stars" integer, "comment" text, "movie_id" integer, "created_at" datetime, "updated_at" datetime) 
  [1m[36m (57.0ms)[0m  [1mCREATE INDEX "index_reviews_on_movie_id" ON "reviews" ("movie_id")[0m
  [1m[35m (62.1ms)[0m  CREATE TABLE "schema_migrations" ("version" varchar(255) NOT NULL) 
  [1m[36m (66.0ms)[0m  [1mCREATE UNIQUE INDEX "unique_schema_migrations" ON "schema_migrations" ("version")[0m
  [1m[35m (0.0ms)[0m  SELECT version FROM "schema_migrations"
  [1m[36m (65.1ms)[0m  [1mINSERT INTO "schema_migrations" (version) VALUES ('20140528232515')[0m
  [1m[35m (67.1ms)[0m  INSERT INTO "schema_migrations" (version) VALUES ('20121121163535')
  [1m[36m (67.0ms)[0m  [1mINSERT INTO "schema_migrations" (version) VALUES ('20121121180707')[0m
  [1m[35m (67.0ms)[0m  INSERT INTO "schema_migrations" (version) VALUES ('20121210234158')
  [1m[36mActiveRecord::SchemaMigration Load (0.0ms)[0m  [1mSELECT "schema_migrations".* FROM "schema_migrations"[0m
  [1m[35m (0.0ms)[0m  begin transaction
  [1m[36mSQL (7.0ms)[0m  [1mINSERT INTO "movies" ("cast", "created_at", "description", "director", "duration", "image_file_name", "rating", "released_on", "title", "total_gross", "updated_at") VALUES (?, ?, ?, ?, ?, ?, ?, ?, ?, ?, ?)[0m  [["cast", "Robert Downey Jr., Gwyneth Paltrow and Terrence Howard"], ["created_at", Wed, 28 May 2014 23:53:04 UTC +00:00], ["description", "When wealthy industrialist Tony Stark is forced to build an armored suit after a life-threatening incident, he ultimately decides to use its technology to fight against evil."], ["director", "Jon Favreau"], ["duration", "126 min"], ["image_file_name", "ironman.jpg"], ["rating", "PG-13"], ["released_on", Fri, 02 May 2008], ["title", "Iron Man"], ["total_gross", #<BigDecimal:4519488,'0.318412101E9',9(36)>], ["updated_at", Wed, 28 May 2014 23:53:04 UTC +00:00]]
  [1m[35m (57.0ms)[0m  commit transaction
  [1m[36m (0.0ms)[0m  [1mbegin transaction[0m
  [1m[35mSQL (1.0ms)[0m  INSERT INTO "movies" ("cast", "created_at", "description", "director", "duration", "image_file_name", "rating", "released_on", "title", "total_gross", "updated_at") VALUES (?, ?, ?, ?, ?, ?, ?, ?, ?, ?, ?)  [["cast", "Christopher Reeve, Margot Kidder and Gene Hackman"], ["created_at", Wed, 28 May 2014 23:53:05 UTC +00:00], ["description", "An alien orphan is sent from his dying planet to Earth, where he grows up to become his adoptive home's first and greatest super-hero."], ["director", "Richard Donner"], ["duration", "143 min"], ["image_file_name", "superman.jpg"], ["rating", "PG"], ["released_on", Fri, 15 Dec 1978], ["title", "Superman"], ["total_gross", #<BigDecimal:4535b50,'0.134218018E9',9(36)>], ["updated_at", Wed, 28 May 2014 23:53:05 UTC +00:00]]
  [1m[36m (65.1ms)[0m  [1mcommit transaction[0m
  [1m[35m (0.0ms)[0m  begin transaction
  [1m[36mSQL (2.0ms)[0m  [1mINSERT INTO "movies" ("cast", "created_at", "description", "director", "duration", "image_file_name", "rating", "released_on", "title", "total_gross", "updated_at") VALUES (?, ?, ?, ?, ?, ?, ?, ?, ?, ?, ?)[0m  [["cast", "Tobey Maguire, Kirsten Dunst and Willem Dafoe"], ["created_at", Wed, 28 May 2014 23:53:05 UTC +00:00], ["description", "When bitten by a genetically modified spider, a nerdy, shy, and awkward high school student gains spider-like abilities that he eventually must use to fight evil as a superhero after tragedy befalls his family."], ["director", "Sam Raimi"], ["duration", "121 min"], ["image_file_name", "spiderman.jpg"], ["rating", "PG-13"], ["released_on", Fri, 03 May 2002], ["title", "Spider-Man"], ["total_gross", #<BigDecimal:452ae40,'0.403706375E9',9(36)>], ["updated_at", Wed, 28 May 2014 23:53:05 UTC +00:00]]
  [1m[35m (69.0ms)[0m  commit transaction
  [1m[36m (0.0ms)[0m  [1mbegin transaction[0m
  [1m[35mSQL (1.0ms)[0m  INSERT INTO "movies" ("cast", "created_at", "description", "director", "duration", "image_file_name", "rating", "released_on", "title", "total_gross", "updated_at") VALUES (?, ?, ?, ?, ?, ?, ?, ?, ?, ?, ?)  [["cast", "Michael Keaton, Jack Nicholson and Kim Basinger"], ["created_at", Wed, 28 May 2014 23:53:05 UTC +00:00], ["description", "The Dark Knight of Gotham City begins his war on crime with his first major enemy being the clownishly homicidal Joker."], ["director", "Tim Burton"], ["duration", "126 min"], ["image_file_name", "batman.jpg"], ["rating", "PG-13"], ["released_on", Fri, 23 Jun 1989], ["title", "Batman"], ["total_gross", #<BigDecimal:45393d8,'0.251188924E9',9(36)>], ["updated_at", Wed, 28 May 2014 23:53:05 UTC +00:00]]
  [1m[36m (70.0ms)[0m  [1mcommit transaction[0m
  [1m[35m (0.0ms)[0m  begin transaction
  [1m[36mSQL (3.0ms)[0m  [1mINSERT INTO "movies" ("cast", "created_at", "description", "director", "duration", "image_file_name", "rating", "released_on", "title", "total_gross", "updated_at") VALUES (?, ?, ?, ?, ?, ?, ?, ?, ?, ?, ?)[0m  [["cast", "Halle Berry, Sharon Stone and Benjamin Bratt"], ["created_at", Wed, 28 May 2014 23:53:05 UTC +00:00], ["description", "Patience Philips seems destined to spend her life apologizing for taking up space. Despite her artistic ability&mdash;she has a more than respectable career as a graphic designer."], ["director", "Jean-Christophe 'Pitof' Comar"], ["duration", "101 min"], ["image_file_name", "catwoman.jpg"], ["rating", "PG-13"], ["released_on", Fri, 23 Jul 2004], ["title", "Catwoman"], ["total_gross", #<BigDecimal:454b060,'0.402E8',9(45)>], ["updated_at", Wed, 28 May 2014 23:53:05 UTC +00:00]]
  [1m[35m (76.1ms)[0m  commit transaction
  [1m[36m (0.0ms)[0m  [1mbegin transaction[0m
  [1m[35mSQL (2.0ms)[0m  INSERT INTO "movies" ("cast", "created_at", "description", "director", "duration", "image_file_name", "rating", "released_on", "title", "total_gross", "updated_at") VALUES (?, ?, ?, ?, ?, ?, ?, ?, ?, ?, ?)  [["cast", "Bruce Wayne, Gojira"], ["created_at", Wed, 28 May 2014 23:53:05 UTC +00:00], ["description", "An epic battle between The Caped Crusader and the fire-breathing dinosaur Gojira. Hang on to your popcorn, kids!"], ["director", "Ishiro Honda"], ["duration", "211 min"], ["image_file_name", "batman-vs-godzilla.jpg"], ["rating", "PG-13"], ["released_on", Sat, 07 Jun 2014], ["title", "Batman vs. Godzilla"], ["total_gross", #<BigDecimal:4540cf8,'0.38762391E9',9(36)>], ["updated_at", Wed, 28 May 2014 23:53:05 UTC +00:00]]
  [1m[36m (68.0ms)[0m  [1mcommit transaction[0m
  [1m[35mMovie Load (0.0ms)[0m  SELECT "movies".* FROM "movies" WHERE "movies"."title" = 'Iron Man' LIMIT 1
  [1m[36m (0.0ms)[0m  [1mbegin transaction[0m
  [1m[35mSQL (1.0ms)[0m  INSERT INTO "reviews" ("comment", "created_at", "movie_id", "name", "stars", "updated_at") VALUES (?, ?, ?, ?, ?, ?)  [["comment", "I laughed, I cried, I spilled my popcorn!"], ["created_at", Wed, 28 May 2014 23:53:05 UTC +00:00], ["movie_id", 1], ["name", "Roger Ebert"], ["stars", 3], ["updated_at", Wed, 28 May 2014 23:53:05 UTC +00:00]]
  [1m[36m (75.1ms)[0m  [1mcommit transaction[0m
  [1m[35m (1.0ms)[0m  begin transaction
  [1m[36mSQL (2.0ms)[0m  [1mINSERT INTO "reviews" ("comment", "created_at", "movie_id", "name", "stars", "updated_at") VALUES (?, ?, ?, ?, ?, ?)[0m  [["comment", "I'm a better reviewer than he is."], ["created_at", Wed, 28 May 2014 23:53:05 UTC +00:00], ["movie_id", 1], ["name", "Gene Siskel"], ["stars", 5], ["updated_at", Wed, 28 May 2014 23:53:05 UTC +00:00]]
  [1m[35m (68.1ms)[0m  commit transaction
  [1m[36m (0.0ms)[0m  [1mbegin transaction[0m
  [1m[35mSQL (1.0ms)[0m  INSERT INTO "reviews" ("comment", "created_at", "movie_id", "name", "stars", "updated_at") VALUES (?, ?, ?, ?, ?, ?)  [["comment", "It's been years since a movie superhero was this fierce and this funny."], ["created_at", Wed, 28 May 2014 23:53:05 UTC +00:00], ["movie_id", 1], ["name", "Peter Travers"], ["stars", 4], ["updated_at", Wed, 28 May 2014 23:53:05 UTC +00:00]]
  [1m[36m (77.1ms)[0m  [1mcommit transaction[0m
  [1m[35mMovie Load (0.0ms)[0m  SELECT "movies".* FROM "movies" WHERE "movies"."title" = 'Superman' LIMIT 1
  [1m[36m (0.0ms)[0m  [1mbegin transaction[0m
  [1m[35mSQL (1.0ms)[0m  INSERT INTO "reviews" ("comment", "created_at", "movie_id", "name", "stars", "updated_at") VALUES (?, ?, ?, ?, ?, ?)  [["comment", "It's a bird, it's a plane, it's a blockbuster!"], ["created_at", Wed, 28 May 2014 23:53:05 UTC +00:00], ["movie_id", 2], ["name", "Elvis Mitchell"], ["stars", 5], ["updated_at", Wed, 28 May 2014 23:53:05 UTC +00:00]]
  [1m[36m (68.1ms)[0m  [1mcommit transaction[0m
  [1m[36m (100.1ms)[0m  [1mCREATE TABLE "movies" ("id" INTEGER PRIMARY KEY AUTOINCREMENT NOT NULL, "title" varchar(255), "rating" varchar(255), "total_gross" decimal, "created_at" datetime, "updated_at" datetime, "description" text, "released_on" date, "cast" varchar(255), "director" varchar(255), "duration" varchar(255), "image_file_name" varchar(255)) [0m
  [1m[35m (64.1ms)[0m  CREATE TABLE "reviews" ("id" INTEGER PRIMARY KEY AUTOINCREMENT NOT NULL, "name" varchar(255), "stars" integer, "comment" text, "movie_id" integer, "created_at" datetime, "updated_at" datetime) 
  [1m[36m (66.0ms)[0m  [1mCREATE INDEX "index_reviews_on_movie_id" ON "reviews" ("movie_id")[0m
  [1m[35m (71.1ms)[0m  CREATE TABLE "schema_migrations" ("version" varchar(255) NOT NULL) 
  [1m[36m (69.1ms)[0m  [1mCREATE UNIQUE INDEX "unique_schema_migrations" ON "schema_migrations" ("version")[0m
  [1m[35m (1.0ms)[0m  SELECT version FROM "schema_migrations"
  [1m[36m (73.0ms)[0m  [1mINSERT INTO "schema_migrations" (version) VALUES ('20140528232515')[0m
  [1m[35m (66.1ms)[0m  INSERT INTO "schema_migrations" (version) VALUES ('20121121163535')
  [1m[36m (66.1ms)[0m  [1mINSERT INTO "schema_migrations" (version) VALUES ('20121121180707')[0m
  [1m[35m (74.1ms)[0m  INSERT INTO "schema_migrations" (version) VALUES ('20121210234158')
  [1m[36mActiveRecord::SchemaMigration Load (0.0ms)[0m  [1mSELECT "schema_migrations".* FROM "schema_migrations"[0m
Migrating to AddFieldToReviews (20140528235613)
  [1m[35m (1.0ms)[0m  begin transaction
  [1m[36m (1.0ms)[0m  [1mALTER TABLE "reviews" ADD "location" varchar(255)[0m
  [1m[35mSQL (0.0ms)[0m  INSERT INTO "schema_migrations" ("version") VALUES (?)  [["version", "20140528235613"]]
  [1m[36m (118.1ms)[0m  [1mcommit transaction[0m
  [1m[35mActiveRecord::SchemaMigration Load (0.0ms)[0m  SELECT "schema_migrations".* FROM "schema_migrations"
  [1m[36m (111.1ms)[0m  [1mCREATE TABLE "movies" ("id" INTEGER PRIMARY KEY AUTOINCREMENT NOT NULL, "title" varchar(255), "rating" varchar(255), "total_gross" decimal, "created_at" datetime, "updated_at" datetime, "description" text, "released_on" date, "cast" varchar(255), "director" varchar(255), "duration" varchar(255), "image_file_name" varchar(255)) [0m
  [1m[35m (77.1ms)[0m  CREATE TABLE "reviews" ("id" INTEGER PRIMARY KEY AUTOINCREMENT NOT NULL, "name" varchar(255), "stars" integer, "comment" text, "movie_id" integer, "created_at" datetime, "updated_at" datetime, "location" varchar(255)) 
  [1m[36m (71.1ms)[0m  [1mCREATE INDEX "index_reviews_on_movie_id" ON "reviews" ("movie_id")[0m
  [1m[35m (78.1ms)[0m  CREATE TABLE "schema_migrations" ("version" varchar(255) NOT NULL) 
  [1m[36m (106.1ms)[0m  [1mCREATE UNIQUE INDEX "unique_schema_migrations" ON "schema_migrations" ("version")[0m
  [1m[35m (0.0ms)[0m  SELECT version FROM "schema_migrations"
  [1m[36m (80.1ms)[0m  [1mINSERT INTO "schema_migrations" (version) VALUES ('20140528235613')[0m
  [1m[35m (84.1ms)[0m  INSERT INTO "schema_migrations" (version) VALUES ('20121121163535')
  [1m[36m (73.1ms)[0m  [1mINSERT INTO "schema_migrations" (version) VALUES ('20121121180707')[0m
  [1m[35m (77.0ms)[0m  INSERT INTO "schema_migrations" (version) VALUES ('20121210234158')
  [1m[36m (72.1ms)[0m  [1mINSERT INTO "schema_migrations" (version) VALUES ('20140528232515')[0m
  [1m[36m (0.0ms)[0m  [1mSELECT MIN("movies"."total_gross") AS min_id FROM "movies"[0m
  [1m[35m (0.0ms)[0m  SELECT MIN("movies"."total_gross") AS min_id FROM "movies"
  [1m[36m (1.0ms)[0m  [1mSELECT MIN("movies"."total_gross") AS min_id FROM "movies" WHERE "movies"."rating" = 'PG-13'[0m
  [1m[35m (0.0ms)[0m  SELECT MAX("movies"."total_gross") AS max_id FROM "movies"
  [1m[36m (0.0ms)[0m  [1mSELECT SUM("movies"."total_gross") AS sum_id FROM "movies"[0m
  [1m[35m (0.0ms)[0m  SELECT AVG("movies"."total_gross") AS avg_id FROM "movies"
  [1m[36mMovie Load (0.0ms)[0m  [1mSELECT "movies".* FROM "movies" ORDER BY "movies"."id" ASC LIMIT 1[0m
  [1m[35m (4.0ms)[0m  SELECT MIN("reviews"."stars") AS min_id FROM "reviews" WHERE "reviews"."movie_id" = ?  [["movie_id", 1]]
  [1m[36m (0.0ms)[0m  [1mSELECT MAX("reviews"."stars") AS max_id FROM "reviews" WHERE "reviews"."movie_id" = ?[0m  [["movie_id", 1]]
  [1m[35m (1.0ms)[0m  SELECT SUM("reviews"."stars") AS sum_id FROM "reviews" WHERE "reviews"."movie_id" = ?  [["movie_id", 1]]
  [1m[36m (0.0ms)[0m  [1mSELECT AVG("reviews"."stars") AS avg_id FROM "reviews" WHERE "reviews"."movie_id" = ?[0m  [["movie_id", 1]]
  [1m[35m (1.0ms)[0m  SELECT AVG("reviews"."stars") AS avg_id FROM "reviews" WHERE "reviews"."movie_id" = ?  [["movie_id", 1]]


Started GET "/" for 127.0.0.1 at 2014-05-29 18:16:40 -0400
  [1m[36mActiveRecord::SchemaMigration Load (0.0ms)[0m  [1mSELECT "schema_migrations".* FROM "schema_migrations"[0m
Processing by MoviesController#index as HTML
  [1m[35mMovie Load (0.0ms)[0m  SELECT "movies".* FROM "movies" WHERE (released_on <= '2014-05-29 22:16:40.736677') ORDER BY released_on desc
  Rendered movies/index.html.erb within layouts/application (41.0ms)
  Rendered layouts/_header.html.erb (0.0ms)
  Rendered layouts/_flashes.html.erb (1.0ms)
  Rendered layouts/_sidebar.html.erb (1.0ms)
  Rendered layouts/_footer.html.erb (0.0ms)
Completed 200 OK in 655ms (Views: 628.4ms | ActiveRecord: 0.0ms)


Started GET "/assets/application.css?body=1" for 127.0.0.1 at 2014-05-29 18:16:41 -0400


Started GET "/assets/normalize.css?body=1" for 127.0.0.1 at 2014-05-29 18:16:41 -0400


Started GET "/assets/layout.css?body=1" for 127.0.0.1 at 2014-05-29 18:16:41 -0400


Started GET "/assets/elements.css?body=1" for 127.0.0.1 at 2014-05-29 18:16:41 -0400


Started GET "/assets/movies.css?body=1" for 127.0.0.1 at 2014-05-29 18:16:41 -0400


Started GET "/assets/buttons.css?body=1" for 127.0.0.1 at 2014-05-29 18:16:41 -0400


Started GET "/assets/forms.css?body=1" for 127.0.0.1 at 2014-05-29 18:16:41 -0400


Started GET "/assets/spiderman.jpg" for 127.0.0.1 at 2014-05-29 18:16:41 -0400


Started GET "/assets/catwoman.jpg" for 127.0.0.1 at 2014-05-29 18:16:41 -0400


Started GET "/assets/batman.jpg" for 127.0.0.1 at 2014-05-29 18:16:41 -0400


Started GET "/assets/ironman.jpg" for 127.0.0.1 at 2014-05-29 18:16:41 -0400


Started GET "/assets/superman.jpg" for 127.0.0.1 at 2014-05-29 18:16:41 -0400


Started GET "/assets/background.jpg" for 127.0.0.1 at 2014-05-29 18:16:41 -0400


Started GET "/assets/logo.png" for 127.0.0.1 at 2014-05-29 18:16:41 -0400


Started GET "/assets/arrow.png" for 127.0.0.1 at 2014-05-29 18:16:41 -0400


Started GET "/assets/add.png" for 127.0.0.1 at 2014-05-29 18:16:41 -0400


Started GET "/movies/1" for 127.0.0.1 at 2014-05-29 18:16:42 -0400
Processing by MoviesController#show as HTML
  Parameters: {"id"=>"1"}
  [1m[36mMovie Load (1.0ms)[0m  [1mSELECT "movies".* FROM "movies" WHERE "movies"."id" = ? LIMIT 1[0m  [["id", "1"]]
  [1m[35m (1.0ms)[0m  SELECT AVG("reviews"."stars") AS avg_id FROM "reviews" WHERE "reviews"."movie_id" = ?  [["movie_id", 1]]
  [1m[36mCACHE (0.0ms)[0m  [1mSELECT AVG("reviews"."stars") AS avg_id FROM "reviews" WHERE "reviews"."movie_id" = ?[0m  [["movie_id", 1]]
  [1m[35m (0.0ms)[0m  SELECT COUNT(*) FROM "reviews" WHERE "reviews"."movie_id" = ?  [["movie_id", 1]]
  Rendered movies/show.html.erb within layouts/application (44.0ms)
  Rendered layouts/_header.html.erb (0.0ms)
  Rendered layouts/_flashes.html.erb (0.0ms)
  Rendered layouts/_sidebar.html.erb (0.0ms)
  Rendered layouts/_footer.html.erb (0.0ms)
Completed 200 OK in 61ms (Views: 57.0ms | ActiveRecord: 2.0ms)


Started GET "/assets/buttons.css?body=1" for 127.0.0.1 at 2014-05-29 18:16:43 -0400


Started GET "/assets/application.css?body=1" for 127.0.0.1 at 2014-05-29 18:16:43 -0400


Started GET "/assets/elements.css?body=1" for 127.0.0.1 at 2014-05-29 18:16:43 -0400


Started GET "/assets/layout.css?body=1" for 127.0.0.1 at 2014-05-29 18:16:43 -0400


Started GET "/assets/movies.css?body=1" for 127.0.0.1 at 2014-05-29 18:16:43 -0400


Started GET "/assets/normalize.css?body=1" for 127.0.0.1 at 2014-05-29 18:16:43 -0400


Started GET "/assets/forms.css?body=1" for 127.0.0.1 at 2014-05-29 18:16:43 -0400


Started GET "/movies/1/reviews" for 127.0.0.1 at 2014-05-29 18:16:45 -0400
Processing by ReviewsController#index as HTML
  Parameters: {"movie_id"=>"1"}
  [1m[36mMovie Load (0.0ms)[0m  [1mSELECT "movies".* FROM "movies" WHERE "movies"."id" = ? LIMIT 1[0m  [["id", "1"]]
  [1m[35mReview Load (1.0ms)[0m  SELECT "reviews".* FROM "reviews" WHERE "reviews"."movie_id" = ?  [["movie_id", 1]]
  Rendered reviews/index.html.erb within layouts/application (9.0ms)
  Rendered layouts/_header.html.erb (0.0ms)
  Rendered layouts/_flashes.html.erb (0.0ms)
  Rendered layouts/_sidebar.html.erb (0.0ms)
  Rendered layouts/_footer.html.erb (0.0ms)
Completed 200 OK in 25ms (Views: 21.0ms | ActiveRecord: 1.0ms)


Started GET "/assets/normalize.css?body=1" for 127.0.0.1 at 2014-05-29 18:16:45 -0400


Started GET "/assets/application.css?body=1" for 127.0.0.1 at 2014-05-29 18:16:45 -0400


Started GET "/assets/layout.css?body=1" for 127.0.0.1 at 2014-05-29 18:16:45 -0400


Started GET "/assets/elements.css?body=1" for 127.0.0.1 at 2014-05-29 18:16:45 -0400


Started GET "/assets/movies.css?body=1" for 127.0.0.1 at 2014-05-29 18:16:45 -0400


Started GET "/assets/buttons.css?body=1" for 127.0.0.1 at 2014-05-29 18:16:45 -0400


Started GET "/assets/forms.css?body=1" for 127.0.0.1 at 2014-05-29 18:16:45 -0400


Started GET "/movies/5" for 127.0.0.1 at 2014-05-29 18:16:52 -0400
Processing by MoviesController#show as HTML
  Parameters: {"id"=>"5"}
  [1m[36mMovie Load (0.0ms)[0m  [1mSELECT "movies".* FROM "movies" WHERE "movies"."id" = ? LIMIT 1[0m  [["id", "5"]]
  [1m[35m (0.0ms)[0m  SELECT AVG("reviews"."stars") AS avg_id FROM "reviews" WHERE "reviews"."movie_id" = ?  [["movie_id", 5]]
  [1m[36m (0.0ms)[0m  [1mSELECT COUNT(*) FROM "reviews" WHERE "reviews"."movie_id" = ?[0m  [["movie_id", 5]]
  Rendered movies/show.html.erb within layouts/application (4.0ms)
  Rendered layouts/_header.html.erb (0.0ms)
  Rendered layouts/_flashes.html.erb (0.0ms)
  Rendered layouts/_sidebar.html.erb (0.0ms)
  Rendered layouts/_footer.html.erb (0.0ms)
Completed 200 OK in 20ms (Views: 18.0ms | ActiveRecord: 0.0ms)


Started GET "/assets/application.css?body=1" for 127.0.0.1 at 2014-05-29 18:16:52 -0400


Started GET "/assets/normalize.css?body=1" for 127.0.0.1 at 2014-05-29 18:16:52 -0400


Started GET "/assets/layout.css?body=1" for 127.0.0.1 at 2014-05-29 18:16:52 -0400


Started GET "/assets/elements.css?body=1" for 127.0.0.1 at 2014-05-29 18:16:52 -0400


Started GET "/assets/movies.css?body=1" for 127.0.0.1 at 2014-05-29 18:16:52 -0400


Started GET "/assets/buttons.css?body=1" for 127.0.0.1 at 2014-05-29 18:16:52 -0400


Started GET "/assets/forms.css?body=1" for 127.0.0.1 at 2014-05-29 18:16:52 -0400


Started GET "/movies/2" for 127.0.0.1 at 2014-05-29 18:16:57 -0400
Processing by MoviesController#show as HTML
  Parameters: {"id"=>"2"}
  [1m[35mMovie Load (0.0ms)[0m  SELECT "movies".* FROM "movies" WHERE "movies"."id" = ? LIMIT 1  [["id", "2"]]
  [1m[36m (0.0ms)[0m  [1mSELECT AVG("reviews"."stars") AS avg_id FROM "reviews" WHERE "reviews"."movie_id" = ?[0m  [["movie_id", 2]]
  [1m[35mCACHE (0.0ms)[0m  SELECT AVG("reviews"."stars") AS avg_id FROM "reviews" WHERE "reviews"."movie_id" = ?  [["movie_id", 2]]
  [1m[36m (0.0ms)[0m  [1mSELECT COUNT(*) FROM "reviews" WHERE "reviews"."movie_id" = ?[0m  [["movie_id", 2]]
  Rendered movies/show.html.erb within layouts/application (6.0ms)
  Rendered layouts/_header.html.erb (0.0ms)
  Rendered layouts/_flashes.html.erb (0.0ms)
  Rendered layouts/_sidebar.html.erb (0.0ms)
  Rendered layouts/_footer.html.erb (0.0ms)
Completed 200 OK in 21ms (Views: 19.0ms | ActiveRecord: 0.0ms)


Started GET "/assets/application.css?body=1" for 127.0.0.1 at 2014-05-29 18:16:57 -0400


Started GET "/assets/normalize.css?body=1" for 127.0.0.1 at 2014-05-29 18:16:57 -0400


Started GET "/assets/layout.css?body=1" for 127.0.0.1 at 2014-05-29 18:16:57 -0400


Started GET "/assets/elements.css?body=1" for 127.0.0.1 at 2014-05-29 18:16:57 -0400


Started GET "/assets/movies.css?body=1" for 127.0.0.1 at 2014-05-29 18:16:57 -0400


Started GET "/assets/buttons.css?body=1" for 127.0.0.1 at 2014-05-29 18:16:57 -0400


Started GET "/assets/forms.css?body=1" for 127.0.0.1 at 2014-05-29 18:16:57 -0400


Started GET "/movies/4" for 127.0.0.1 at 2014-05-29 18:17:02 -0400
Processing by MoviesController#show as HTML
  Parameters: {"id"=>"4"}
  [1m[35mMovie Load (0.0ms)[0m  SELECT "movies".* FROM "movies" WHERE "movies"."id" = ? LIMIT 1  [["id", "4"]]
  [1m[36m (0.0ms)[0m  [1mSELECT AVG("reviews"."stars") AS avg_id FROM "reviews" WHERE "reviews"."movie_id" = ?[0m  [["movie_id", 4]]
  [1m[35m (0.0ms)[0m  SELECT COUNT(*) FROM "reviews" WHERE "reviews"."movie_id" = ?  [["movie_id", 4]]
  Rendered movies/show.html.erb within layouts/application (6.0ms)
  Rendered layouts/_header.html.erb (0.0ms)
  Rendered layouts/_flashes.html.erb (0.0ms)
  Rendered layouts/_sidebar.html.erb (0.0ms)
  Rendered layouts/_footer.html.erb (1.0ms)
Completed 200 OK in 20ms (Views: 18.0ms | ActiveRecord: 0.0ms)


Started GET "/assets/normalize.css?body=1" for 127.0.0.1 at 2014-05-29 18:17:02 -0400


Started GET "/assets/elements.css?body=1" for 127.0.0.1 at 2014-05-29 18:17:02 -0400


Started GET "/assets/layout.css?body=1" for 127.0.0.1 at 2014-05-29 18:17:02 -0400


Started GET "/assets/application.css?body=1" for 127.0.0.1 at 2014-05-29 18:17:02 -0400


Started GET "/assets/movies.css?body=1" for 127.0.0.1 at 2014-05-29 18:17:02 -0400


Started GET "/assets/buttons.css?body=1" for 127.0.0.1 at 2014-05-29 18:17:02 -0400


Started GET "/assets/forms.css?body=1" for 127.0.0.1 at 2014-05-29 18:17:02 -0400


Started GET "/" for 127.0.0.1 at 2014-05-29 18:20:01 -0400
  [1m[36mActiveRecord::SchemaMigration Load (0.0ms)[0m  [1mSELECT "schema_migrations".* FROM "schema_migrations"[0m
Processing by MoviesController#index as HTML
  [1m[35mMovie Load (0.0ms)[0m  SELECT "movies".* FROM "movies" WHERE (released_on <= '2014-05-29 22:20:01.710561') ORDER BY released_on desc
  Rendered movies/index.html.erb within layouts/application (34.0ms)
  Rendered layouts/_header.html.erb (1.0ms)
  Rendered layouts/_flashes.html.erb (0.0ms)
  Rendered layouts/_sidebar.html.erb (1.0ms)
  Rendered layouts/_footer.html.erb (0.0ms)
Completed 200 OK in 145ms (Views: 116.1ms | ActiveRecord: 1.0ms)


Started GET "/assets/application.css?body=1" for 127.0.0.1 at 2014-05-29 18:20:01 -0400


Started GET "/assets/normalize.css?body=1" for 127.0.0.1 at 2014-05-29 18:20:01 -0400


Started GET "/assets/layout.css?body=1" for 127.0.0.1 at 2014-05-29 18:20:01 -0400


Started GET "/assets/elements.css?body=1" for 127.0.0.1 at 2014-05-29 18:20:01 -0400


Started GET "/assets/forms.css?body=1" for 127.0.0.1 at 2014-05-29 18:20:01 -0400


Started GET "/assets/movies.css?body=1" for 127.0.0.1 at 2014-05-29 18:20:01 -0400


Started GET "/assets/buttons.css?body=1" for 127.0.0.1 at 2014-05-29 18:20:01 -0400


Started GET "/assets/add.png" for 127.0.0.1 at 2014-05-29 18:20:01 -0400


Started GET "/assets/arrow.png" for 127.0.0.1 at 2014-05-29 18:20:01 -0400


Started GET "/assets/background.jpg" for 127.0.0.1 at 2014-05-29 18:20:02 -0400


Started GET "/" for 127.0.0.1 at 2014-05-30 12:38:51 -0400
  [1m[36mActiveRecord::SchemaMigration Load (0.0ms)[0m  [1mSELECT "schema_migrations".* FROM "schema_migrations"[0m
Processing by MoviesController#index as HTML
  [1m[35mMovie Load (1.0ms)[0m  SELECT "movies".* FROM "movies" WHERE (released_on <= '2014-05-30 16:38:51.625915') ORDER BY released_on desc
  [1m[36m (0.0ms)[0m  [1mSELECT COUNT(*) FROM "reviews" WHERE "reviews"."movie_id" = ?[0m  [["movie_id", 5]]
  Rendered movies/index.html.erb within layouts/application (70.0ms)
  Rendered layouts/_header.html.erb (0.0ms)
  Rendered layouts/_flashes.html.erb (1.0ms)
  Rendered layouts/_sidebar.html.erb (1.0ms)
  Rendered layouts/_footer.html.erb (1.0ms)
Completed 200 OK in 285ms (Views: 245.2ms | ActiveRecord: 1.0ms)


Started GET "/assets/application.css?body=1" for 127.0.0.1 at 2014-05-30 12:38:51 -0400


Started GET "/assets/normalize.css?body=1" for 127.0.0.1 at 2014-05-30 12:38:51 -0400


Started GET "/assets/layout.css?body=1" for 127.0.0.1 at 2014-05-30 12:38:51 -0400


Started GET "/assets/elements.css?body=1" for 127.0.0.1 at 2014-05-30 12:38:51 -0400


Started GET "/assets/forms.css?body=1" for 127.0.0.1 at 2014-05-30 12:38:51 -0400


Started GET "/assets/movies.css?body=1" for 127.0.0.1 at 2014-05-30 12:38:51 -0400


Started GET "/assets/buttons.css?body=1" for 127.0.0.1 at 2014-05-30 12:38:51 -0400


Started GET "/assets/add.png" for 127.0.0.1 at 2014-05-30 12:38:52 -0400


Started GET "/assets/background.jpg" for 127.0.0.1 at 2014-05-30 12:38:52 -0400


Started GET "/assets/arrow.png" for 127.0.0.1 at 2014-05-30 12:38:52 -0400


Started GET "/" for 127.0.0.1 at 2014-05-30 12:42:50 -0400
Processing by MoviesController#index as HTML
  [1m[35mMovie Load (0.0ms)[0m  SELECT "movies".* FROM "movies" WHERE (released_on <= '2014-05-30 16:42:50.655584') ORDER BY released_on desc
  [1m[36m (0.0ms)[0m  [1mSELECT COUNT(*) FROM "reviews" WHERE "reviews"."movie_id" = ?[0m  [["movie_id", 5]]
  Rendered movies/index.html.erb within layouts/application (11.0ms)
  Rendered layouts/_header.html.erb (0.0ms)
  Rendered layouts/_flashes.html.erb (1.0ms)
  Rendered layouts/_sidebar.html.erb (0.0ms)
  Rendered layouts/_footer.html.erb (0.0ms)
Completed 200 OK in 30ms (Views: 29.0ms | ActiveRecord: 0.0ms)


Started GET "/assets/normalize.css?body=1" for 127.0.0.1 at 2014-05-30 12:42:50 -0400


Started GET "/assets/layout.css?body=1" for 127.0.0.1 at 2014-05-30 12:42:50 -0400


Started GET "/assets/elements.css?body=1" for 127.0.0.1 at 2014-05-30 12:42:50 -0400


Started GET "/assets/movies.css?body=1" for 127.0.0.1 at 2014-05-30 12:42:50 -0400


Started GET "/assets/application.css?body=1" for 127.0.0.1 at 2014-05-30 12:42:50 -0400


Started GET "/assets/buttons.css?body=1" for 127.0.0.1 at 2014-05-30 12:42:50 -0400


Started GET "/assets/forms.css?body=1" for 127.0.0.1 at 2014-05-30 12:42:50 -0400


Started GET "/assets/ironman.jpg" for 127.0.0.1 at 2014-05-30 12:42:50 -0400


Started GET "/assets/catwoman.jpg" for 127.0.0.1 at 2014-05-30 12:42:50 -0400


Started GET "/assets/spiderman.jpg" for 127.0.0.1 at 2014-05-30 12:42:50 -0400


Started GET "/assets/batman.jpg" for 127.0.0.1 at 2014-05-30 12:42:50 -0400


Started GET "/assets/superman.jpg" for 127.0.0.1 at 2014-05-30 12:42:50 -0400


Started GET "/assets/background.jpg" for 127.0.0.1 at 2014-05-30 12:42:50 -0400


Started GET "/assets/logo.png" for 127.0.0.1 at 2014-05-30 12:42:50 -0400


Started GET "/assets/arrow.png" for 127.0.0.1 at 2014-05-30 12:42:50 -0400


Started GET "/assets/add.png" for 127.0.0.1 at 2014-05-30 12:42:50 -0400


Started GET "/assets/jquery.js?body=1" for 127.0.0.1 at 2014-05-30 12:42:59 -0400


Started GET "/assets/jquery_ujs.js?body=1" for 127.0.0.1 at 2014-05-30 12:42:59 -0400


Started GET "/assets/turbolinks.js?body=1" for 127.0.0.1 at 2014-05-30 12:42:59 -0400


Started GET "/assets/movies.js?body=1" for 127.0.0.1 at 2014-05-30 12:42:59 -0400


Started GET "/assets/reviews.js?body=1" for 127.0.0.1 at 2014-05-30 12:42:59 -0400


Started GET "/assets/application.js?body=1" for 127.0.0.1 at 2014-05-30 12:42:59 -0400
